[debug] [2026-03-02T04:56:03.005Z] ----------------------------------------------------------------------
[debug] [2026-03-02T04:56:03.009Z] Command:       C:\Program Files\nodejs\node.exe C:\Users\SARAVANAKUMAR\AppData\Roaming\npm\node_modules\firebase-tools\lib\bin\firebase.js init
[debug] [2026-03-02T04:56:03.010Z] CLI Version:   15.8.0
[debug] [2026-03-02T04:56:03.010Z] Platform:      win32
[debug] [2026-03-02T04:56:03.010Z] Node Version:  v24.13.0
[debug] [2026-03-02T04:56:03.010Z] Time:          Mon Mar 02 2026 10:26:03 GMT+0530 (India Standard Time)
[debug] [2026-03-02T04:56:03.010Z] ----------------------------------------------------------------------
[debug] 
[info] 
     ######## #### ########  ######## ########     ###     ######  ########
     ##        ##  ##     ## ##       ##     ##  ##   ##  ##       ##
     ######    ##  ########  ######   ########  #########  ######  ######
     ##        ##  ##    ##  ##       ##     ## ##     ##       ## ##
     ##       #### ##     ## ######## ########  ##     ##  ######  ########

You're about to initialize a Firebase project in this directory:

  D:\sheild\mobile

Before we get started, keep in mind:

  * You are initializing within an existing Firebase project directory

[info] 
=== Project Setup
[info] 
[info] First, let's associate this project directory with a Firebase project.
[info] You can create multiple project aliases by running firebase use --add, 
[info] 
[debug] [2026-03-02T04:56:30.139Z] > command requires scopes: ["email","openid","https://www.googleapis.com/auth/cloudplatformprojects.readonly","https://www.googleapis.com/auth/firebase","https://www.googleapis.com/auth/cloud-platform"]
[debug] [2026-03-02T04:56:30.140Z] > authorizing via signed-in user (saravanakumarv1214@gmail.com)
[debug] [2026-03-02T04:56:30.142Z] Checked if tokens are valid: false, expires at: 1772369793143
[debug] [2026-03-02T04:56:30.142Z] Checked if tokens are valid: false, expires at: 1772369793143
[debug] [2026-03-02T04:56:30.143Z] > refreshing access token with scopes: []
[debug] [2026-03-02T04:56:30.146Z] >>> [apiv2][query] POST https://www.googleapis.com/oauth2/v3/token [none]
[debug] [2026-03-02T04:56:30.146Z] >>> [apiv2][body] POST https://www.googleapis.com/oauth2/v3/token [omitted]
[debug] [2026-03-02T04:56:30.951Z] <<< [apiv2][status] POST https://www.googleapis.com/oauth2/v3/token 200
[debug] [2026-03-02T04:56:30.951Z] <<< [apiv2][body] POST https://www.googleapis.com/oauth2/v3/token [omitted]
[debug] [2026-03-02T04:56:30.963Z] >>> [apiv2][query] GET https://firebase.googleapis.com/v1beta1/projects/sheild-app-e3bd9 [none]
[debug] [2026-03-02T04:56:31.968Z] <<< [apiv2][status] GET https://firebase.googleapis.com/v1beta1/projects/sheild-app-e3bd9 200
[debug] [2026-03-02T04:56:31.968Z] <<< [apiv2][body] GET https://firebase.googleapis.com/v1beta1/projects/sheild-app-e3bd9 {"projectId":"sheild-app-e3bd9","projectNumber":"1005830658570","displayName":"SHEiLD-App","name":"projects/sheild-app-e3bd9","resources":{"hostingSite":"sheild-app-e3bd9"},"state":"ACTIVE","etag":"1_506cf654-d0ca-48b1-9562-ac2e321c7ac2"}
[info] i  Using project sheild-app-e3bd9 (SHEiLD-App) . 
[info] 
=== Firestore Setup
[info] i  firestore: ensuring required API firestore.googleapis.com is enabled... 
[debug] [2026-03-02T04:56:31.983Z] Checked if tokens are valid: true, expires at: 1772430989951
[debug] [2026-03-02T04:56:31.984Z] Checked if tokens are valid: true, expires at: 1772430989951
[debug] [2026-03-02T04:56:31.984Z] >>> [apiv2][query] GET https://firestore.googleapis.com/v1/projects/sheild-app-e3bd9/databases [none]
[debug] [2026-03-02T04:56:33.197Z] <<< [apiv2][status] GET https://firestore.googleapis.com/v1/projects/sheild-app-e3bd9/databases 200
[debug] [2026-03-02T04:56:33.197Z] <<< [apiv2][body] GET https://firestore.googleapis.com/v1/projects/sheild-app-e3bd9/databases {}
[debug] [2026-03-02T04:56:33.197Z] Checked if tokens are valid: true, expires at: 1772430989951
[debug] [2026-03-02T04:56:33.197Z] Checked if tokens are valid: true, expires at: 1772430989951
[debug] [2026-03-02T04:56:33.197Z] >>> [apiv2][query] GET https://firestore.googleapis.com/v1/projects/sheild-app-e3bd9/locations [none]
[debug] [2026-03-02T04:56:33.926Z] <<< [apiv2][status] GET https://firestore.googleapis.com/v1/projects/sheild-app-e3bd9/locations 200
[debug] [2026-03-02T04:56:33.927Z] <<< [apiv2][body] GET https://firestore.googleapis.com/v1/projects/sheild-app-e3bd9/locations {"locations":[{"name":"projects/sheild-app-e3bd9/locations/eur3","labels":{"appengine.googleapis.com/geo":"europe-west","cloud.googleapis.com/location":"eur3","cloud.googleapis.com/geo":"eur3"},"metadata":{"@type":"type.googleapis.com/google.firestore.admin.v1.LocationMetadata"},"locationId":"eur3","displayName":"Europe"},{"name":"projects/sheild-app-e3bd9/locations/nam5","labels":{"appengine.googleapis.com/geo":"us-central","cloud.googleapis.com/location":"nam5","cloud.googleapis.com/geo":"nam5"},"metadata":{"@type":"type.googleapis.com/google.firestore.admin.v1.LocationMetadata"},"locationId":"nam5","displayName":"United States"},{"name":"projects/sheild-app-e3bd9/locations/nam7","labels":{"cloud.googleapis.com/location":"nam7","cloud.googleapis.com/geo":"nam7"},"metadata":{"@type":"type.googleapis.com/google.firestore.admin.v1.LocationMetadata"},"locationId":"nam7","displayName":"United States"},{"name":"projects/sheild-app-e3bd9/locations/africa-south1","labels":{"cloud.googleapis.com/location":"africa-south1","cloud.googleapis.com/region":"africa-south1"},"metadata":{"@type":"type.googleapis.com/google.firestore.admin.v1.LocationMetadata"},"locationId":"africa-south1","displayName":"Johannesburg"},{"name":"projects/sheild-app-e3bd9/locations/asia-east1","labels":{"appengine.googleapis.com/region":"asia-east1","cloud.googleapis.com/location":"asia-east1","cloud.googleapis.com/region":"asia-east1"},"metadata":{"@type":"type.googleapis.com/google.firestore.admin.v1.LocationMetadata"},"locationId":"asia-east1","displayName":"Taiwan"},{"name":"projects/sheild-app-e3bd9/locations/asia-east2","labels":{"appengine.googleapis.com/region":"asia-east2","cloud.googleapis.com/location":"asia-east2","cloud.googleapis.com/region":"asia-east2"},"metadata":{"@type":"type.googleapis.com/google.firestore.admin.v1.LocationMetadata"},"locationId":"asia-east2","displayName":"Hong Kong"},{"name":"projects/sheild-app-e3bd9/locations/asia-northeast1","labels":{"appengine.googleapis.com/region":"asia-northeast1","cloud.googleapis.com/location":"asia-northeast1","cloud.googleapis.com/region":"asia-northeast1"},"metadata":{"@type":"type.googleapis.com/google.firestore.admin.v1.LocationMetadata"},"locationId":"asia-northeast1","displayName":"Tokyo"},{"name":"projects/sheild-app-e3bd9/locations/asia-northeast2","labels":{"appengine.googleapis.com/region":"asia-northeast2","cloud.googleapis.com/location":"asia-northeast2","cloud.googleapis.com/region":"asia-northeast2"},"metadata":{"@type":"type.googleapis.com/google.firestore.admin.v1.LocationMetadata"},"locationId":"asia-northeast2","displayName":"Osaka"},{"name":"projects/sheild-app-e3bd9/locations/asia-northeast3","labels":{"appengine.googleapis.com/region":"asia-northeast3","cloud.googleapis.com/location":"asia-northeast3","cloud.googleapis.com/region":"asia-northeast3"},"metadata":{"@type":"type.googleapis.com/google.firestore.admin.v1.LocationMetadata"},"locationId":"asia-northeast3","displayName":"Seoul"},{"name":"projects/sheild-app-e3bd9/locations/asia-south1","labels":{"appengine.googleapis.com/region":"asia-south1","cloud.googleapis.com/location":"asia-south1","cloud.googleapis.com/region":"asia-south1"},"metadata":{"@type":"type.googleapis.com/google.firestore.admin.v1.LocationMetadata"},"locationId":"asia-south1","displayName":"Mumbai"},{"name":"projects/sheild-app-e3bd9/locations/asia-south2","labels":{"cloud.googleapis.com/location":"asia-south2","cloud.googleapis.com/region":"asia-south2"},"metadata":{"@type":"type.googleapis.com/google.firestore.admin.v1.LocationMetadata"},"locationId":"asia-south2","displayName":"Delhi"},{"name":"projects/sheild-app-e3bd9/locations/asia-southeast1","labels":{"appengine.googleapis.com/region":"asia-southeast1","cloud.googleapis.com/location":"asia-southeast1","cloud.googleapis.com/region":"asia-southeast1"},"metadata":{"@type":"type.googleapis.com/google.firestore.admin.v1.LocationMetadata"},"locationId":"asia-southeast1","displayName":"Singapore"},{"name":"projects/sheild-app-e3bd9/locations/asia-southeast2","labels":{"appengine.googleapis.com/region":"asia-southeast2","cloud.googleapis.com/location":"asia-southeast2","cloud.googleapis.com/region":"asia-southeast2"},"metadata":{"@type":"type.googleapis.com/google.firestore.admin.v1.LocationMetadata"},"locationId":"asia-southeast2","displayName":"Jakarta"},{"name":"projects/sheild-app-e3bd9/locations/asia-southeast3","labels":{"cloud.googleapis.com/location":"asia-southeast3","cloud.googleapis.com/region":"asia-southeast3"},"metadata":{"@type":"type.googleapis.com/google.firestore.admin.v1.LocationMetadata"},"locationId":"asia-southeast3","displayName":"Bangkok"},{"name":"projects/sheild-app-e3bd9/locations/australia-southeast1","labels":{"appengine.googleapis.com/region":"australia-southeast1","cloud.googleapis.com/location":"australia-southeast1","cloud.googleapis.com/region":"australia-southeast1"},"metadata":{"@type":"type.googleapis.com/google.firestore.admin.v1.LocationMetadata"},"locationId":"australia-southeast1","displayName":"Sydney"},{"name":"projects/sheild-app-e3bd9/locations/australia-southeast2","labels":{"cloud.googleapis.com/location":"australia-southeast2","cloud.googleapis.com/region":"australia-southeast2"},"metadata":{"@type":"type.googleapis.com/google.firestore.admin.v1.LocationMetadata"},"locationId":"australia-southeast2","displayName":"Melbourne"},{"name":"projects/sheild-app-e3bd9/locations/europe-central2","labels":{"appengine.googleapis.com/region":"europe-central2","cloud.googleapis.com/location":"europe-central2","cloud.googleapis.com/region":"europe-central2"},"metadata":{"@type":"type.googleapis.com/google.firestore.admin.v1.LocationMetadata"},"locationId":"europe-central2","displayName":"Warsaw"},{"name":"projects/sheild-app-e3bd9/locations/europe-north1","labels":{"cloud.googleapis.com/location":"europe-north1","cloud.googleapis.com/region":"europe-north1"},"metadata":{"@type":"type.googleapis.com/google.firestore.admin.v1.LocationMetadata"},"locationId":"europe-north1","displayName":"Finland"},{"name":"projects/sheild-app-e3bd9/locations/europe-north2","labels":{"cloud.googleapis.com/location":"europe-north2","cloud.googleapis.com/region":"europe-north2"},"metadata":{"@type":"type.googleapis.com/google.firestore.admin.v1.LocationMetadata"},"locationId":"europe-north2","displayName":"Stockholm"},{"name":"projects/sheild-app-e3bd9/locations/europe-southwest1","labels":{"cloud.googleapis.com/location":"europe-southwest1","cloud.googleapis.com/region":"europe-southwest1"},"metadata":{"@type":"type.googleapis.com/google.firestore.admin.v1.LocationMetadata"},"locationId":"europe-southwest1","displayName":"Madrid"},{"name":"projects/sheild-app-e3bd9/locations/europe-west1","labels":{"cloud.googleapis.com/location":"europe-west1","cloud.googleapis.com/region":"europe-west1"},"metadata":{"@type":"type.googleapis.com/google.firestore.admin.v1.LocationMetadata"},"locationId":"europe-west1","displayName":"Belgium"},{"name":"projects/sheild-app-e3bd9/locations/europe-west10","labels":{"cloud.googleapis.com/location":"europe-west10","cloud.googleapis.com/region":"europe-west10"},"metadata":{"@type":"type.googleapis.com/google.firestore.admin.v1.LocationMetadata"},"locationId":"europe-west10","displayName":"Berlin"},{"name":"projects/sheild-app-e3bd9/locations/europe-west12","labels":{"cloud.googleapis.com/location":"europe-west12","cloud.googleapis.com/region":"europe-west12"},"metadata":{"@type":"type.googleapis.com/google.firestore.admin.v1.LocationMetadata"},"locationId":"europe-west12","displayName":"Turin"},{"name":"projects/sheild-app-e3bd9/locations/europe-west2","labels":{"appengine.googleapis.com/region":"europe-west2","cloud.googleapis.com/location":"europe-west2","cloud.googleapis.com/region":"europe-west2"},"metadata":{"@type":"type.googleapis.com/google.firestore.admin.v1.LocationMetadata"},"locationId":"europe-west2","displayName":"London"},{"name":"projects/sheild-app-e3bd9/locations/europe-west3","labels":{"appengine.googleapis.com/region":"europe-west3","cloud.googleapis.com/location":"europe-west3","cloud.googleapis.com/region":"europe-west3"},"metadata":{"@type":"type.googleapis.com/google.firestore.admin.v1.LocationMetadata"},"locationId":"europe-west3","displayName":"Frankfurt"},{"name":"projects/sheild-app-e3bd9/locations/europe-west4","labels":{"cloud.googleapis.com/location":"europe-west4","cloud.googleapis.com/region":"europe-west4"},"metadata":{"@type":"type.googleapis.com/google.firestore.admin.v1.LocationMetadata"},"locationId":"europe-west4","displayName":"Netherlands"},{"name":"projects/sheild-app-e3bd9/locations/europe-west6","labels":{"appengine.googleapis.com/region":"europe-west6","cloud.googleapis.com/location":"europe-west6","cloud.googleapis.com/region":"europe-west6"},"metadata":{"@type":"type.googleapis.com/google.firestore.admin.v1.LocationMetadata"},"locationId":"europe-west6","displayName":"Zurich"},{"name":"projects/sheild-app-e3bd9/locations/europe-west8","labels":{"cloud.googleapis.com/location":"europe-west8","cloud.googleapis.com/region":"europe-west8"},"metadata":{"@type":"type.googleapis.com/google.firestore.admin.v1.LocationMetadata"},"locationId":"europe-west8","displayName":"Milan"},{"name":"projects/sheild-app-e3bd9/locations/europe-west9","labels":{"cloud.googleapis.com/location":"europe-west9","cloud.googleapis.com/region":"europe-west9"},"metadata":{"@type":"type.googleapis.com/google.firestore.admin.v1.LocationMetadata"},"locationId":"europe-west9","displayName":"Paris"},{"name":"projects/sheild-app-e3bd9/locations/me-central1","labels":{"cloud.googleapis.com/location":"me-central1","cloud.googleapis.com/region":"me-central1"},"metadata":{"@type":"type.googleapis.com/google.firestore.admin.v1.LocationMetadata"},"locationId":"me-central1","displayName":"Doha"},{"name":"projects/sheild-app-e3bd9/locations/me-central2","labels":{"cloud.googleapis.com/location":"me-central2","cloud.googleapis.com/region":"me-central2"},"metadata":{"@type":"type.googleapis.com/google.firestore.admin.v1.LocationMetadata"},"locationId":"me-central2","displayName":"Dammam"},{"name":"projects/sheild-app-e3bd9/locations/me-west1","labels":{"cloud.googleapis.com/location":"me-west1","cloud.googleapis.com/region":"me-west1"},"metadata":{"@type":"type.googleapis.com/google.firestore.admin.v1.LocationMetadata"},"locationId":"me-west1","displayName":"Tel Aviv"},{"name":"projects/sheild-app-e3bd9/locations/northamerica-northeast1","labels":{"appengine.googleapis.com/region":"northamerica-northeast1","cloud.googleapis.com/location":"northamerica-northeast1","cloud.googleapis.com/region":"northamerica-northeast1"},"metadata":{"@type":"type.googleapis.com/google.firestore.admin.v1.LocationMetadata"},"locationId":"northamerica-northeast1","displayName":"Montréal"},{"name":"projects/sheild-app-e3bd9/locations/northamerica-northeast2","labels":{"cloud.googleapis.com/location":"northamerica-northeast2","cloud.googleapis.com/region":"northamerica-northeast2"},"metadata":{"@type":"type.googleapis.com/google.firestore.admin.v1.LocationMetadata"},"locationId":"northamerica-northeast2","displayName":"Toronto"},{"name":"projects/sheild-app-e3bd9/locations/northamerica-south1","labels":{"cloud.googleapis.com/location":"northamerica-south1","cloud.googleapis.com/region":"northamerica-south1"},"metadata":{"@type":"type.googleapis.com/google.firestore.admin.v1.LocationMetadata"},"locationId":"northamerica-south1","displayName":"Mexico"},{"name":"projects/sheild-app-e3bd9/locations/southamerica-east1","labels":{"appengine.googleapis.com/region":"southamerica-east1","cloud.googleapis.com/location":"southamerica-east1","cloud.googleapis.com/region":"southamerica-east1"},"metadata":{"@type":"type.googleapis.com/google.firestore.admin.v1.LocationMetadata"},"locationId":"southamerica-east1","displayName":"São Paulo"},{"name":"projects/sheild-app-e3bd9/locations/southamerica-west1","labels":{"cloud.googleapis.com/location":"southamerica-west1","cloud.googleapis.com/region":"southamerica-west1"},"metadata":{"@type":"type.googleapis.com/google.firestore.admin.v1.LocationMetadata"},"locationId":"southamerica-west1","displayName":"Santiago"},{"name":"projects/sheild-app-e3bd9/locations/us-central1","labels":{"cloud.googleapis.com/location":"us-central1","cloud.googleapis.com/region":"us-central1"},"metadata":{"@type":"type.googleapis.com/google.firestore.admin.v1.LocationMetadata"},"locationId":"us-central1","displayName":"Iowa"},{"name":"projects/sheild-app-e3bd9/locations/us-east1","labels":{"appengine.googleapis.com/region":"us-east1","cloud.googleapis.com/location":"us-east1","cloud.googleapis.com/region":"us-east1"},"metadata":{"@type":"type.googleapis.com/google.firestore.admin.v1.LocationMetadata"},"locationId":"us-east1","displayName":"South Carolina"},{"name":"projects/sheild-app-e3bd9/locations/us-east4","labels":{"appengine.googleapis.com/region":"us-east4","cloud.googleapis.com/location":"us-east4","cloud.googleapis.com/region":"us-east4"},"metadata":{"@type":"type.googleapis.com/google.firestore.admin.v1.LocationMetadata"},"locationId":"us-east4","displayName":"Northern Virginia"},{"name":"projects/sheild-app-e3bd9/locations/us-east5","labels":{"cloud.googleapis.com/location":"us-east5","cloud.googleapis.com/region":"us-east5"},"metadata":{"@type":"type.googleapis.com/google.firestore.admin.v1.LocationMetadata"},"locationId":"us-east5","displayName":"Columbus"},{"name":"projects/sheild-app-e3bd9/locations/us-south1","labels":{"cloud.googleapis.com/location":"us-south1","cloud.googleapis.com/region":"us-south1"},"metadata":{"@type":"type.googleapis.com/google.firestore.admin.v1.LocationMetadata"},"locationId":"us-south1","displayName":"Dallas"},{"name":"projects/sheild-app-e3bd9/locations/us-west1","labels":{"appengine.googleapis.com/region":"us-west1","cloud.googleapis.com/location":"us-west1","cloud.googleapis.com/region":"us-west1"},"metadata":{"@type":"type.googleapis.com/google.firestore.admin.v1.LocationMetadata"},"locationId":"us-west1","displayName":"Oregon"},{"name":"projects/sheild-app-e3bd9/locations/us-west2","labels":{"appengine.googleapis.com/region":"us-west2","cloud.googleapis.com/location":"us-west2","cloud.googleapis.com/region":"us-west2"},"metadata":{"@type":"type.googleapis.com/google.firestore.admin.v1.LocationMetadata"},"locationId":"us-west2","displayName":"Los Angeles"},{"name":"projects/sheild-app-e3bd9/locations/us-west3","labels":{"appengine.googleapis.com/region":"us-west3","cloud.googleapis.com/location":"us-west3","cloud.googleapis.com/region":"us-west3"},"metadata":{"@type":"type.googleapis.com/google.firestore.admin.v1.LocationMetadata"},"locationId":"us-west3","displayName":"Salt Lake City"},{"name":"projects/sheild-app-e3bd9/locations/us-west4","labels":{"appengine.googleapis.com/region":"us-west4","cloud.googleapis.com/location":"us-west4","cloud.googleapis.com/region":"us-west4"},"metadata":{"@type":"type.googleapis.com/google.firestore.admin.v1.LocationMetadata"},"locationId":"us-west4","displayName":"Las Vegas"}]}
[info] 
[info] Firestore Security Rules allow you to define how and when to allow
[info] requests. You can keep these rules in your project directory
[info] and publish them with firebase deploy.
[info] 
[debug] [2026-03-02T04:57:33.583Z] Checked if tokens are valid: true, expires at: 1772430989951
[debug] [2026-03-02T04:57:33.584Z] Checked if tokens are valid: true, expires at: 1772430989951
[debug] [2026-03-02T04:57:33.584Z] >>> [apiv2][query] GET https://firebaserules.googleapis.com/v1/projects/sheild-app-e3bd9/releases pageSize=10&pageToken=
[debug] [2026-03-02T04:57:35.667Z] <<< [apiv2][status] GET https://firebaserules.googleapis.com/v1/projects/sheild-app-e3bd9/releases 200
[debug] [2026-03-02T04:57:35.667Z] <<< [apiv2][body] GET https://firebaserules.googleapis.com/v1/projects/sheild-app-e3bd9/releases {}
[info] i  Skipping write of firestore.rules 
[info] 
[info] Firestore indexes allow you to perform complex queries while
[info] maintaining performance that scales with the size of the result
[info] set. You can keep index definitions in your project directory
[info] and publish them with firebase deploy.
[info] 
[debug] [2026-03-02T04:57:40.894Z] Checked if tokens are valid: true, expires at: 1772430989951
[debug] [2026-03-02T04:57:40.894Z] Checked if tokens are valid: true, expires at: 1772430989951
[debug] [2026-03-02T04:57:40.894Z] Checked if tokens are valid: true, expires at: 1772430989951
[debug] [2026-03-02T04:57:40.894Z] Checked if tokens are valid: true, expires at: 1772430989951
[debug] [2026-03-02T04:57:40.894Z] >>> [apiv2][query] GET https://firestore.googleapis.com/v1/projects/sheild-app-e3bd9/databases/(default)/collectionGroups/-/indexes [none]
[debug] [2026-03-02T04:57:40.905Z] >>> [apiv2][query] GET https://firestore.googleapis.com/v1/projects/sheild-app-e3bd9/databases/(default)/collectionGroups/-/fields?filter=indexConfig.usesAncestorConfig=false OR ttlConfig:* [none]
[debug] [2026-03-02T04:57:42.214Z] <<< [apiv2][status] GET https://firestore.googleapis.com/v1/projects/sheild-app-e3bd9/databases/(default)/collectionGroups/-/fields?filter=indexConfig.usesAncestorConfig=false OR ttlConfig:* 404
[debug] [2026-03-02T04:57:42.214Z] <<< [apiv2][body] GET https://firestore.googleapis.com/v1/projects/sheild-app-e3bd9/databases/(default)/collectionGroups/-/fields?filter=indexConfig.usesAncestorConfig=false OR ttlConfig:* {"error":{"code":404,"message":"Project 'sheild-app-e3bd9' or database '(default)' does not exist.","status":"NOT_FOUND"}}
[info] i  firestore.indexes.json is unchanged 
[info] 
=== Functions Setup
[debug] [2026-03-02T04:57:42.298Z] > command requires scopes: ["email","openid","https://www.googleapis.com/auth/cloudplatformprojects.readonly","https://www.googleapis.com/auth/firebase","https://www.googleapis.com/auth/cloud-platform"]
[debug] [2026-03-02T04:57:42.299Z] > authorizing via signed-in user (saravanakumarv1214@gmail.com)
[debug] [2026-03-02T04:57:42.299Z] [iam] checking project sheild-app-e3bd9 for permissions ["firebase.projects.get"]
[debug] [2026-03-02T04:57:42.299Z] Checked if tokens are valid: true, expires at: 1772430989951
[debug] [2026-03-02T04:57:42.299Z] Checked if tokens are valid: true, expires at: 1772430989951
[debug] [2026-03-02T04:57:42.300Z] >>> [apiv2][query] POST https://cloudresourcemanager.googleapis.com/v1/projects/sheild-app-e3bd9:testIamPermissions [none]
[debug] [2026-03-02T04:57:42.300Z] >>> [apiv2][(partial)header] POST https://cloudresourcemanager.googleapis.com/v1/projects/sheild-app-e3bd9:testIamPermissions  x-goog-user-project=sheild-app-e3bd9
[debug] [2026-03-02T04:57:42.300Z] >>> [apiv2][body] POST https://cloudresourcemanager.googleapis.com/v1/projects/sheild-app-e3bd9:testIamPermissions {"permissions":["firebase.projects.get"]}
[debug] [2026-03-02T04:57:42.317Z] <<< [apiv2][status] GET https://firestore.googleapis.com/v1/projects/sheild-app-e3bd9/databases/(default)/collectionGroups/-/indexes 404
[debug] [2026-03-02T04:57:42.317Z] <<< [apiv2][body] GET https://firestore.googleapis.com/v1/projects/sheild-app-e3bd9/databases/(default)/collectionGroups/-/indexes {"error":{"code":404,"message":"Project 'sheild-app-e3bd9' or database '(default)' does not exist.","status":"NOT_FOUND"}}
[debug] [2026-03-02T04:57:44.707Z] <<< [apiv2][status] POST https://cloudresourcemanager.googleapis.com/v1/projects/sheild-app-e3bd9:testIamPermissions 200
[debug] [2026-03-02T04:57:44.707Z] <<< [apiv2][body] POST https://cloudresourcemanager.googleapis.com/v1/projects/sheild-app-e3bd9:testIamPermissions {"permissions":["firebase.projects.get"]}
[info] 
Detected existing codebase(s): default

[info] Let's create a new codebase for your functions.
[info] A directory corresponding to the codebase will be created in your project
[info] with sample code pre-configured.

[info] See https://firebase.google.com/docs/functions/organize-functions for
[info] more information on organizing your functions using codebases.

[info] Functions can be deployed with firebase deploy.

[error] Invalid codebase name. Codebase must be less than 64 characters and can contain only lowercase letters, numeric characters, underscores, and dashes.
[error] Invalid codebase name. Codebase must be less than 64 characters and can contain only lowercase letters, numeric characters, underscores, and dashes.
[debug] [2026-03-02T04:59:20.809Z] ExitPromptError: User force closed the prompt with SIGINT
    at Interface.sigint (C:\Users\SARAVANAKUMAR\AppData\Roaming\npm\node_modules\firebase-tools\node_modules\@inquirer\core\dist\commonjs\lib\create-prompt.js:101:37)
    at Interface.emit (node:events:508:28)
    at [_ttyWrite] [as _ttyWrite] (node:internal/readline/interface:1327:18)
    at ReadStream.onkeypress (node:internal/readline/interface:284:20)
    at ReadStream.emit (node:events:520:35)
    at emitKeys (node:internal/readline/utils:371:14)
    at emitKeys.next (<anonymous>)
    at ReadStream.onData (node:internal/readline/emitKeypressEvents:64:36)
    at ReadStream.emit (node:events:508:28)
    at addChunk (node:internal/streams/readable:559:12)
[error] 
[error] Error: An unexpected error has occurred.
